<?xml version="1.0" encoding="UTF-8"?>
<testsuite xmlns:xsi="http://www.w3.org/2001/XMLSchema-instance" xsi:noNamespaceSchemaLocation="https://maven.apache.org/surefire/maven-surefire-plugin/xsd/surefire-test-report.xsd" name="com.light.utils.UtilsTest" time="7.838" tests="3" errors="0" skipped="0" failures="0">
  <properties>
    <property name="sun.desktop" value="windows"/>
    <property name="awt.toolkit" value="sun.awt.windows.WToolkit"/>
    <property name="file.encoding.pkg" value="sun.io"/>
    <property name="java.specification.version" value="1.8"/>
    <property name="sun.cpu.isalist" value="amd64"/>
    <property name="sun.jnu.encoding" value="GBK"/>
    <property name="java.class.path" value="E:\graduation\target\test-classes;E:\graduation\target\classes;D:\Maven\resp\com\baidu\aip\java-sdk\4.12.0\java-sdk-4.12.0.jar;D:\Maven\resp\org\json\json\20160810\json-20160810.jar;D:\Maven\resp\org\slf4j\slf4j-api\1.7.25\slf4j-api-1.7.25.jar;D:\Maven\resp\org\slf4j\slf4j-simple\1.7.25\slf4j-simple-1.7.25.jar;D:\Maven\resp\com\baidubce\bce-java-sdk\0.10.91\bce-java-sdk-0.10.91.jar;D:\Maven\resp\org\apache\commons\commons-lang3\3.5\commons-lang3-3.5.jar;D:\Maven\resp\org\slf4j\jcl-over-slf4j\1.7.7\jcl-over-slf4j-1.7.7.jar;D:\Maven\resp\ch\qos\logback\logback-classic\1.1.2\logback-classic-1.1.2.jar;D:\Maven\resp\ch\qos\logback\logback-core\1.1.2\logback-core-1.1.2.jar;D:\Maven\resp\commons-codec\commons-codec\1.9\commons-codec-1.9.jar;D:\Maven\resp\commons-io\commons-io\2.4\commons-io-2.4.jar;D:\Maven\resp\com\google\guava\guava\17.0\guava-17.0.jar;D:\Maven\resp\org\apache\httpcomponents\httpasyncclient\4.0.2\httpasyncclient-4.0.2.jar;D:\Maven\resp\org\apache\httpcomponents\httpcore\4.3.2\httpcore-4.3.2.jar;D:\Maven\resp\org\apache\httpcomponents\httpcore-nio\4.3.2\httpcore-nio-4.3.2.jar;D:\Maven\resp\org\apache\httpcomponents\httpclient\4.3.5\httpclient-4.3.5.jar;D:\Maven\resp\commons-logging\commons-logging\1.1.3\commons-logging-1.1.3.jar;D:\Maven\resp\com\fasterxml\jackson\core\jackson-core\2.3.3\jackson-core-2.3.3.jar;D:\Maven\resp\com\fasterxml\jackson\core\jackson-databind\2.3.3\jackson-databind-2.3.3.jar;D:\Maven\resp\com\fasterxml\jackson\core\jackson-annotations\2.3.3\jackson-annotations-2.3.3.jar;D:\Maven\resp\joda-time\joda-time\2.3\joda-time-2.3.jar;D:\Maven\resp\org\eclipse\paho\org.eclipse.paho.client.mqttv3\1.2.1\org.eclipse.paho.client.mqttv3-1.2.1.jar;D:\Maven\resp\javax\validation\validation-api\1.1.0.Final\validation-api-1.1.0.Final.jar;D:\Maven\resp\org\glassfish\jersey\media\jersey-media-multipart\2.9.1\jersey-media-multipart-2.9.1.jar;D:\Maven\resp\org\glassfish\hk2\external\javax.inject\2.3.0-b05\javax.inject-2.3.0-b05.jar;D:\Maven\resp\org\jvnet\mimepull\mimepull\1.9.3\mimepull-1.9.3.jar;D:\Maven\resp\org\glassfish\jersey\connectors\jersey-apache-connector\2.9.1\jersey-apache-connector-2.9.1.jar;D:\Maven\resp\org\glassfish\jersey\core\jersey-client\2.9.1\jersey-client-2.9.1.jar;D:\Maven\resp\javax\ws\rs\javax.ws.rs-api\2.0\javax.ws.rs-api-2.0.jar;D:\Maven\resp\org\glassfish\jersey\core\jersey-server\2.9.1\jersey-server-2.9.1.jar;D:\Maven\resp\javax\annotation\javax.annotation-api\1.2\javax.annotation-api-1.2.jar;D:\Maven\resp\org\glassfish\hk2\hk2-api\2.3.0-b05\hk2-api-2.3.0-b05.jar;D:\Maven\resp\org\glassfish\hk2\hk2-utils\2.3.0-b05\hk2-utils-2.3.0-b05.jar;D:\Maven\resp\org\glassfish\hk2\external\aopalliance-repackaged\2.3.0-b05\aopalliance-repackaged-2.3.0-b05.jar;D:\Maven\resp\org\glassfish\hk2\hk2-locator\2.3.0-b05\hk2-locator-2.3.0-b05.jar;D:\Maven\resp\org\javassist\javassist\3.18.1-GA\javassist-3.18.1-GA.jar;D:\Maven\resp\org\glassfish\jersey\core\jersey-common\2.9.1\jersey-common-2.9.1.jar;D:\Maven\resp\org\glassfish\jersey\bundles\repackaged\jersey-guava\2.9.1\jersey-guava-2.9.1.jar;D:\Maven\resp\org\glassfish\hk2\osgi-resource-locator\1.0.1\osgi-resource-locator-1.0.1.jar;D:\Maven\resp\org\glassfish\jersey\media\jersey-media-json-jackson\2.9.1\jersey-media-json-jackson-2.9.1.jar;D:\Maven\resp\com\fasterxml\jackson\jaxrs\jackson-jaxrs-base\2.3.2\jackson-jaxrs-base-2.3.2.jar;D:\Maven\resp\com\fasterxml\jackson\jaxrs\jackson-jaxrs-json-provider\2.3.2\jackson-jaxrs-json-provider-2.3.2.jar;D:\Maven\resp\com\fasterxml\jackson\module\jackson-module-jaxb-annotations\2.3.2\jackson-module-jaxb-annotations-2.3.2.jar;D:\Maven\resp\org\apache\hbase\hbase-client\1.2.0\hbase-client-1.2.0.jar;D:\Maven\resp\org\apache\hbase\hbase-annotations\1.2.0\hbase-annotations-1.2.0.jar;D:\Maven\resp\log4j\log4j\1.2.17\log4j-1.2.17.jar;D:\Maven\resp\org\apache\hbase\hbase-common\1.2.0\hbase-common-1.2.0.jar;D:\Maven\resp\commons-collections\commons-collections\3.2.2\commons-collections-3.2.2.jar;D:\Maven\resp\org\mortbay\jetty\jetty-util\6.1.26\jetty-util-6.1.26.jar;D:\Maven\resp\org\apache\hbase\hbase-protocol\1.2.0\hbase-protocol-1.2.0.jar;D:\Maven\resp\commons-lang\commons-lang\2.6\commons-lang-2.6.jar;D:\Maven\resp\io\netty\netty-all\4.0.23.Final\netty-all-4.0.23.Final.jar;D:\Maven\resp\org\apache\zookeeper\zookeeper\3.4.6\zookeeper-3.4.6.jar;D:\Maven\resp\org\slf4j\slf4j-log4j12\1.6.1\slf4j-log4j12-1.6.1.jar;D:\Maven\resp\org\apache\htrace\htrace-core\3.1.0-incubating\htrace-core-3.1.0-incubating.jar;D:\Maven\resp\org\codehaus\jackson\jackson-mapper-asl\1.9.13\jackson-mapper-asl-1.9.13.jar;D:\Maven\resp\org\codehaus\jackson\jackson-core-asl\1.9.13\jackson-core-asl-1.9.13.jar;D:\Maven\resp\org\jruby\jcodings\jcodings\1.0.8\jcodings-1.0.8.jar;D:\Maven\resp\org\jruby\joni\joni\2.1.2\joni-2.1.2.jar;D:\Maven\resp\com\yammer\metrics\metrics-core\2.2.0\metrics-core-2.2.0.jar;D:\Maven\resp\org\apache\hadoop\hadoop-auth\2.5.1\hadoop-auth-2.5.1.jar;D:\Maven\resp\org\apache\directory\server\apacheds-kerberos-codec\2.0.0-M15\apacheds-kerberos-codec-2.0.0-M15.jar;D:\Maven\resp\org\apache\directory\server\apacheds-i18n\2.0.0-M15\apacheds-i18n-2.0.0-M15.jar;D:\Maven\resp\org\apache\directory\api\api-asn1-api\1.0.0-M20\api-asn1-api-1.0.0-M20.jar;D:\Maven\resp\org\apache\directory\api\api-util\1.0.0-M20\api-util-1.0.0-M20.jar;D:\Maven\resp\org\apache\hadoop\hadoop-common\2.5.1\hadoop-common-2.5.1.jar;D:\Maven\resp\org\apache\hadoop\hadoop-annotations\2.5.1\hadoop-annotations-2.5.1.jar;D:\java\jdk\jre\..\lib\tools.jar;D:\Maven\resp\commons-cli\commons-cli\1.2\commons-cli-1.2.jar;D:\Maven\resp\org\apache\commons\commons-math3\3.1.1\commons-math3-3.1.1.jar;D:\Maven\resp\xmlenc\xmlenc\0.52\xmlenc-0.52.jar;D:\Maven\resp\commons-httpclient\commons-httpclient\3.1\commons-httpclient-3.1.jar;D:\Maven\resp\commons-net\commons-net\3.1\commons-net-3.1.jar;D:\Maven\resp\commons-el\commons-el\1.0\commons-el-1.0.jar;D:\Maven\resp\commons-configuration\commons-configuration\1.6\commons-configuration-1.6.jar;D:\Maven\resp\commons-digester\commons-digester\1.8\commons-digester-1.8.jar;D:\Maven\resp\commons-beanutils\commons-beanutils\1.7.0\commons-beanutils-1.7.0.jar;D:\Maven\resp\commons-beanutils\commons-beanutils-core\1.8.0\commons-beanutils-core-1.8.0.jar;D:\Maven\resp\org\apache\avro\avro\1.7.4\avro-1.7.4.jar;D:\Maven\resp\com\thoughtworks\paranamer\paranamer\2.3\paranamer-2.3.jar;D:\Maven\resp\org\xerial\snappy\snappy-java\1.0.4.1\snappy-java-1.0.4.1.jar;D:\Maven\resp\com\jcraft\jsch\0.1.42\jsch-0.1.42.jar;D:\Maven\resp\com\google\code\findbugs\jsr305\1.3.9\jsr305-1.3.9.jar;D:\Maven\resp\org\apache\commons\commons-compress\1.4.1\commons-compress-1.4.1.jar;D:\Maven\resp\org\tukaani\xz\1.0\xz-1.0.jar;D:\Maven\resp\org\apache\hadoop\hadoop-mapreduce-client-core\2.5.1\hadoop-mapreduce-client-core-2.5.1.jar;D:\Maven\resp\org\apache\hadoop\hadoop-yarn-common\2.5.1\hadoop-yarn-common-2.5.1.jar;D:\Maven\resp\org\apache\hadoop\hadoop-yarn-api\2.5.1\hadoop-yarn-api-2.5.1.jar;D:\Maven\resp\javax\xml\bind\jaxb-api\2.2.2\jaxb-api-2.2.2.jar;D:\Maven\resp\javax\xml\stream\stax-api\1.0-2\stax-api-1.0-2.jar;D:\Maven\resp\javax\activation\activation\1.1\activation-1.1.jar;D:\Maven\resp\io\netty\netty\3.6.2.Final\netty-3.6.2.Final.jar;D:\Maven\resp\com\github\stephenc\findbugs\findbugs-annotations\1.3.9-1\findbugs-annotations-1.3.9-1.jar;D:\Maven\resp\org\bouncycastle\bcprov-jdk15on\1.59\bcprov-jdk15on-1.59.jar;D:\Maven\resp\org\mybatis\mybatis\3.5.3\mybatis-3.5.3.jar;D:\Maven\resp\org\springframework\spring-test\5.2.2.RELEASE\spring-test-5.2.2.RELEASE.jar;D:\Maven\resp\org\springframework\spring-context\5.2.2.RELEASE\spring-context-5.2.2.RELEASE.jar;D:\Maven\resp\org\springframework\spring-aop\5.2.2.RELEASE\spring-aop-5.2.2.RELEASE.jar;D:\Maven\resp\org\springframework\spring-expression\5.2.2.RELEASE\spring-expression-5.2.2.RELEASE.jar;D:\Maven\resp\org\springframework\spring-core\5.2.2.RELEASE\spring-core-5.2.2.RELEASE.jar;D:\Maven\resp\org\springframework\spring-jcl\5.2.2.RELEASE\spring-jcl-5.2.2.RELEASE.jar;D:\Maven\resp\org\springframework\spring-beans\5.2.2.RELEASE\spring-beans-5.2.2.RELEASE.jar;D:\Maven\resp\org\springframework\spring-webmvc\5.2.2.RELEASE\spring-webmvc-5.2.2.RELEASE.jar;D:\Maven\resp\org\springframework\spring-web\5.2.2.RELEASE\spring-web-5.2.2.RELEASE.jar;D:\Maven\resp\mysql\mysql-connector-java\8.0.18\mysql-connector-java-8.0.18.jar;D:\Maven\resp\com\google\protobuf\protobuf-java\3.6.1\protobuf-java-3.6.1.jar;D:\Maven\resp\junit\junit\4.13\junit-4.13.jar;D:\Maven\resp\org\hamcrest\hamcrest-core\1.3\hamcrest-core-1.3.jar;D:\Maven\resp\org\projectlombok\lombok\1.18.10\lombok-1.18.10.jar;D:\Maven\resp\javax\servlet\javax.servlet-api\3.1.0\javax.servlet-api-3.1.0.jar;D:\Maven\resp\org\jetbrains\annotations-java5\18.0.0\annotations-java5-18.0.0.jar;"/>
    <property name="java.vm.vendor" value="Oracle Corporation"/>
    <property name="sun.arch.data.model" value="64"/>
    <property name="user.variant" value=""/>
    <property name="java.vendor.url" value="http://java.oracle.com/"/>
    <property name="user.timezone" value="Asia/Shanghai"/>
    <property name="java.vm.specification.version" value="1.8"/>
    <property name="os.name" value="Windows 10"/>
    <property name="user.country" value="CN"/>
    <property name="sun.java.launcher" value="SUN_STANDARD"/>
    <property name="sun.boot.library.path" value="D:\java\jdk\jre\bin"/>
    <property name="sun.java.command" value="C:\Users\树欲静\AppData\Local\Temp\surefire594942810220957744\surefirebooter2408651479988855598.jar C:\Users\树欲静\AppData\Local\Temp\surefire594942810220957744 2020-02-17T14-46-54_965-jvmRun1 surefire3652971223921826257tmp surefire_02710216117868692434tmp"/>
    <property name="surefire.test.class.path" value="E:\graduation\target\test-classes;E:\graduation\target\classes;D:\Maven\resp\com\baidu\aip\java-sdk\4.12.0\java-sdk-4.12.0.jar;D:\Maven\resp\org\json\json\20160810\json-20160810.jar;D:\Maven\resp\org\slf4j\slf4j-api\1.7.25\slf4j-api-1.7.25.jar;D:\Maven\resp\org\slf4j\slf4j-simple\1.7.25\slf4j-simple-1.7.25.jar;D:\Maven\resp\com\baidubce\bce-java-sdk\0.10.91\bce-java-sdk-0.10.91.jar;D:\Maven\resp\org\apache\commons\commons-lang3\3.5\commons-lang3-3.5.jar;D:\Maven\resp\org\slf4j\jcl-over-slf4j\1.7.7\jcl-over-slf4j-1.7.7.jar;D:\Maven\resp\ch\qos\logback\logback-classic\1.1.2\logback-classic-1.1.2.jar;D:\Maven\resp\ch\qos\logback\logback-core\1.1.2\logback-core-1.1.2.jar;D:\Maven\resp\commons-codec\commons-codec\1.9\commons-codec-1.9.jar;D:\Maven\resp\commons-io\commons-io\2.4\commons-io-2.4.jar;D:\Maven\resp\com\google\guava\guava\17.0\guava-17.0.jar;D:\Maven\resp\org\apache\httpcomponents\httpasyncclient\4.0.2\httpasyncclient-4.0.2.jar;D:\Maven\resp\org\apache\httpcomponents\httpcore\4.3.2\httpcore-4.3.2.jar;D:\Maven\resp\org\apache\httpcomponents\httpcore-nio\4.3.2\httpcore-nio-4.3.2.jar;D:\Maven\resp\org\apache\httpcomponents\httpclient\4.3.5\httpclient-4.3.5.jar;D:\Maven\resp\commons-logging\commons-logging\1.1.3\commons-logging-1.1.3.jar;D:\Maven\resp\com\fasterxml\jackson\core\jackson-core\2.3.3\jackson-core-2.3.3.jar;D:\Maven\resp\com\fasterxml\jackson\core\jackson-databind\2.3.3\jackson-databind-2.3.3.jar;D:\Maven\resp\com\fasterxml\jackson\core\jackson-annotations\2.3.3\jackson-annotations-2.3.3.jar;D:\Maven\resp\joda-time\joda-time\2.3\joda-time-2.3.jar;D:\Maven\resp\org\eclipse\paho\org.eclipse.paho.client.mqttv3\1.2.1\org.eclipse.paho.client.mqttv3-1.2.1.jar;D:\Maven\resp\javax\validation\validation-api\1.1.0.Final\validation-api-1.1.0.Final.jar;D:\Maven\resp\org\glassfish\jersey\media\jersey-media-multipart\2.9.1\jersey-media-multipart-2.9.1.jar;D:\Maven\resp\org\glassfish\hk2\external\javax.inject\2.3.0-b05\javax.inject-2.3.0-b05.jar;D:\Maven\resp\org\jvnet\mimepull\mimepull\1.9.3\mimepull-1.9.3.jar;D:\Maven\resp\org\glassfish\jersey\connectors\jersey-apache-connector\2.9.1\jersey-apache-connector-2.9.1.jar;D:\Maven\resp\org\glassfish\jersey\core\jersey-client\2.9.1\jersey-client-2.9.1.jar;D:\Maven\resp\javax\ws\rs\javax.ws.rs-api\2.0\javax.ws.rs-api-2.0.jar;D:\Maven\resp\org\glassfish\jersey\core\jersey-server\2.9.1\jersey-server-2.9.1.jar;D:\Maven\resp\javax\annotation\javax.annotation-api\1.2\javax.annotation-api-1.2.jar;D:\Maven\resp\org\glassfish\hk2\hk2-api\2.3.0-b05\hk2-api-2.3.0-b05.jar;D:\Maven\resp\org\glassfish\hk2\hk2-utils\2.3.0-b05\hk2-utils-2.3.0-b05.jar;D:\Maven\resp\org\glassfish\hk2\external\aopalliance-repackaged\2.3.0-b05\aopalliance-repackaged-2.3.0-b05.jar;D:\Maven\resp\org\glassfish\hk2\hk2-locator\2.3.0-b05\hk2-locator-2.3.0-b05.jar;D:\Maven\resp\org\javassist\javassist\3.18.1-GA\javassist-3.18.1-GA.jar;D:\Maven\resp\org\glassfish\jersey\core\jersey-common\2.9.1\jersey-common-2.9.1.jar;D:\Maven\resp\org\glassfish\jersey\bundles\repackaged\jersey-guava\2.9.1\jersey-guava-2.9.1.jar;D:\Maven\resp\org\glassfish\hk2\osgi-resource-locator\1.0.1\osgi-resource-locator-1.0.1.jar;D:\Maven\resp\org\glassfish\jersey\media\jersey-media-json-jackson\2.9.1\jersey-media-json-jackson-2.9.1.jar;D:\Maven\resp\com\fasterxml\jackson\jaxrs\jackson-jaxrs-base\2.3.2\jackson-jaxrs-base-2.3.2.jar;D:\Maven\resp\com\fasterxml\jackson\jaxrs\jackson-jaxrs-json-provider\2.3.2\jackson-jaxrs-json-provider-2.3.2.jar;D:\Maven\resp\com\fasterxml\jackson\module\jackson-module-jaxb-annotations\2.3.2\jackson-module-jaxb-annotations-2.3.2.jar;D:\Maven\resp\org\apache\hbase\hbase-client\1.2.0\hbase-client-1.2.0.jar;D:\Maven\resp\org\apache\hbase\hbase-annotations\1.2.0\hbase-annotations-1.2.0.jar;D:\Maven\resp\log4j\log4j\1.2.17\log4j-1.2.17.jar;D:\Maven\resp\org\apache\hbase\hbase-common\1.2.0\hbase-common-1.2.0.jar;D:\Maven\resp\commons-collections\commons-collections\3.2.2\commons-collections-3.2.2.jar;D:\Maven\resp\org\mortbay\jetty\jetty-util\6.1.26\jetty-util-6.1.26.jar;D:\Maven\resp\org\apache\hbase\hbase-protocol\1.2.0\hbase-protocol-1.2.0.jar;D:\Maven\resp\commons-lang\commons-lang\2.6\commons-lang-2.6.jar;D:\Maven\resp\io\netty\netty-all\4.0.23.Final\netty-all-4.0.23.Final.jar;D:\Maven\resp\org\apache\zookeeper\zookeeper\3.4.6\zookeeper-3.4.6.jar;D:\Maven\resp\org\slf4j\slf4j-log4j12\1.6.1\slf4j-log4j12-1.6.1.jar;D:\Maven\resp\org\apache\htrace\htrace-core\3.1.0-incubating\htrace-core-3.1.0-incubating.jar;D:\Maven\resp\org\codehaus\jackson\jackson-mapper-asl\1.9.13\jackson-mapper-asl-1.9.13.jar;D:\Maven\resp\org\codehaus\jackson\jackson-core-asl\1.9.13\jackson-core-asl-1.9.13.jar;D:\Maven\resp\org\jruby\jcodings\jcodings\1.0.8\jcodings-1.0.8.jar;D:\Maven\resp\org\jruby\joni\joni\2.1.2\joni-2.1.2.jar;D:\Maven\resp\com\yammer\metrics\metrics-core\2.2.0\metrics-core-2.2.0.jar;D:\Maven\resp\org\apache\hadoop\hadoop-auth\2.5.1\hadoop-auth-2.5.1.jar;D:\Maven\resp\org\apache\directory\server\apacheds-kerberos-codec\2.0.0-M15\apacheds-kerberos-codec-2.0.0-M15.jar;D:\Maven\resp\org\apache\directory\server\apacheds-i18n\2.0.0-M15\apacheds-i18n-2.0.0-M15.jar;D:\Maven\resp\org\apache\directory\api\api-asn1-api\1.0.0-M20\api-asn1-api-1.0.0-M20.jar;D:\Maven\resp\org\apache\directory\api\api-util\1.0.0-M20\api-util-1.0.0-M20.jar;D:\Maven\resp\org\apache\hadoop\hadoop-common\2.5.1\hadoop-common-2.5.1.jar;D:\Maven\resp\org\apache\hadoop\hadoop-annotations\2.5.1\hadoop-annotations-2.5.1.jar;D:\java\jdk\jre\..\lib\tools.jar;D:\Maven\resp\commons-cli\commons-cli\1.2\commons-cli-1.2.jar;D:\Maven\resp\org\apache\commons\commons-math3\3.1.1\commons-math3-3.1.1.jar;D:\Maven\resp\xmlenc\xmlenc\0.52\xmlenc-0.52.jar;D:\Maven\resp\commons-httpclient\commons-httpclient\3.1\commons-httpclient-3.1.jar;D:\Maven\resp\commons-net\commons-net\3.1\commons-net-3.1.jar;D:\Maven\resp\commons-el\commons-el\1.0\commons-el-1.0.jar;D:\Maven\resp\commons-configuration\commons-configuration\1.6\commons-configuration-1.6.jar;D:\Maven\resp\commons-digester\commons-digester\1.8\commons-digester-1.8.jar;D:\Maven\resp\commons-beanutils\commons-beanutils\1.7.0\commons-beanutils-1.7.0.jar;D:\Maven\resp\commons-beanutils\commons-beanutils-core\1.8.0\commons-beanutils-core-1.8.0.jar;D:\Maven\resp\org\apache\avro\avro\1.7.4\avro-1.7.4.jar;D:\Maven\resp\com\thoughtworks\paranamer\paranamer\2.3\paranamer-2.3.jar;D:\Maven\resp\org\xerial\snappy\snappy-java\1.0.4.1\snappy-java-1.0.4.1.jar;D:\Maven\resp\com\jcraft\jsch\0.1.42\jsch-0.1.42.jar;D:\Maven\resp\com\google\code\findbugs\jsr305\1.3.9\jsr305-1.3.9.jar;D:\Maven\resp\org\apache\commons\commons-compress\1.4.1\commons-compress-1.4.1.jar;D:\Maven\resp\org\tukaani\xz\1.0\xz-1.0.jar;D:\Maven\resp\org\apache\hadoop\hadoop-mapreduce-client-core\2.5.1\hadoop-mapreduce-client-core-2.5.1.jar;D:\Maven\resp\org\apache\hadoop\hadoop-yarn-common\2.5.1\hadoop-yarn-common-2.5.1.jar;D:\Maven\resp\org\apache\hadoop\hadoop-yarn-api\2.5.1\hadoop-yarn-api-2.5.1.jar;D:\Maven\resp\javax\xml\bind\jaxb-api\2.2.2\jaxb-api-2.2.2.jar;D:\Maven\resp\javax\xml\stream\stax-api\1.0-2\stax-api-1.0-2.jar;D:\Maven\resp\javax\activation\activation\1.1\activation-1.1.jar;D:\Maven\resp\io\netty\netty\3.6.2.Final\netty-3.6.2.Final.jar;D:\Maven\resp\com\github\stephenc\findbugs\findbugs-annotations\1.3.9-1\findbugs-annotations-1.3.9-1.jar;D:\Maven\resp\org\bouncycastle\bcprov-jdk15on\1.59\bcprov-jdk15on-1.59.jar;D:\Maven\resp\org\mybatis\mybatis\3.5.3\mybatis-3.5.3.jar;D:\Maven\resp\org\springframework\spring-test\5.2.2.RELEASE\spring-test-5.2.2.RELEASE.jar;D:\Maven\resp\org\springframework\spring-context\5.2.2.RELEASE\spring-context-5.2.2.RELEASE.jar;D:\Maven\resp\org\springframework\spring-aop\5.2.2.RELEASE\spring-aop-5.2.2.RELEASE.jar;D:\Maven\resp\org\springframework\spring-expression\5.2.2.RELEASE\spring-expression-5.2.2.RELEASE.jar;D:\Maven\resp\org\springframework\spring-core\5.2.2.RELEASE\spring-core-5.2.2.RELEASE.jar;D:\Maven\resp\org\springframework\spring-jcl\5.2.2.RELEASE\spring-jcl-5.2.2.RELEASE.jar;D:\Maven\resp\org\springframework\spring-beans\5.2.2.RELEASE\spring-beans-5.2.2.RELEASE.jar;D:\Maven\resp\org\springframework\spring-webmvc\5.2.2.RELEASE\spring-webmvc-5.2.2.RELEASE.jar;D:\Maven\resp\org\springframework\spring-web\5.2.2.RELEASE\spring-web-5.2.2.RELEASE.jar;D:\Maven\resp\mysql\mysql-connector-java\8.0.18\mysql-connector-java-8.0.18.jar;D:\Maven\resp\com\google\protobuf\protobuf-java\3.6.1\protobuf-java-3.6.1.jar;D:\Maven\resp\junit\junit\4.13\junit-4.13.jar;D:\Maven\resp\org\hamcrest\hamcrest-core\1.3\hamcrest-core-1.3.jar;D:\Maven\resp\org\projectlombok\lombok\1.18.10\lombok-1.18.10.jar;D:\Maven\resp\javax\servlet\javax.servlet-api\3.1.0\javax.servlet-api-3.1.0.jar;D:\Maven\resp\org\jetbrains\annotations-java5\18.0.0\annotations-java5-18.0.0.jar;"/>
    <property name="sun.cpu.endian" value="little"/>
    <property name="user.home" value="C:\Users\树欲静"/>
    <property name="user.language" value="zh"/>
    <property name="java.specification.vendor" value="Oracle Corporation"/>
    <property name="java.home" value="D:\java\jdk\jre"/>
    <property name="basedir" value="E:\graduation"/>
    <property name="file.separator" value="\"/>
    <property name="line.separator" value="&#10;"/>
    <property name="idea.version2019.2.4" value="true"/>
    <property name="java.vm.specification.vendor" value="Oracle Corporation"/>
    <property name="java.specification.name" value="Java Platform API Specification"/>
    <property name="java.awt.graphicsenv" value="sun.awt.Win32GraphicsEnvironment"/>
    <property name="surefire.real.class.path" value="C:\Users\树欲静\AppData\Local\Temp\surefire594942810220957744\surefirebooter2408651479988855598.jar"/>
    <property name="sun.boot.class.path" value="D:\java\jdk\jre\lib\resources.jar;D:\java\jdk\jre\lib\rt.jar;D:\java\jdk\jre\lib\sunrsasign.jar;D:\java\jdk\jre\lib\jsse.jar;D:\java\jdk\jre\lib\jce.jar;D:\java\jdk\jre\lib\charsets.jar;D:\java\jdk\jre\lib\jfr.jar;D:\java\jdk\jre\classes"/>
    <property name="user.script" value=""/>
    <property name="sun.management.compiler" value="HotSpot 64-Bit Tiered Compilers"/>
    <property name="java.runtime.version" value="1.8.0_201-b09"/>
    <property name="user.name" value="Light"/>
    <property name="path.separator" value=";"/>
    <property name="os.version" value="10.0"/>
    <property name="java.endorsed.dirs" value="D:\java\jdk\jre\lib\endorsed"/>
    <property name="java.runtime.name" value="Java(TM) SE Runtime Environment"/>
    <property name="file.encoding" value="GBK"/>
    <property name="java.vm.name" value="Java HotSpot(TM) 64-Bit Server VM"/>
    <property name="localRepository" value="D:\Maven\resp"/>
    <property name="java.vendor.url.bug" value="http://bugreport.sun.com/bugreport/"/>
    <property name="java.io.tmpdir" value="C:\Users\树欲静\AppData\Local\Temp\"/>
    <property name="java.version" value="1.8.0_201"/>
    <property name="user.dir" value="E:\graduation"/>
    <property name="os.arch" value="amd64"/>
    <property name="java.vm.specification.name" value="Java Virtual Machine Specification"/>
    <property name="java.awt.printerjob" value="sun.awt.windows.WPrinterJob"/>
    <property name="sun.os.patch.level" value=""/>
    <property name="java.library.path" value="D:\java\jdk\jre\bin;C:\WINDOWS\Sun\Java\bin;C:\WINDOWS\system32;C:\WINDOWS;C:\Program Files (x86)\Common Files\Oracle\Java\javapath;D:\java\jdk\bin;D:\java\jdk\jre\bin;C:\Program Files\NVIDIA Corporation\NVIDIA NvDLISR;D:\SQLSeverX86\140\Tools\Binn\;D:\SQLSeverX86\140\DTS\Binn\;D:\SQLServerX86\140\Tools\Binn\;D:\SQLServer\140\Tools\Binn\;D:\SQLServerX86\140\DTS\Binn\;D:\SQLServer\140\DTS\Binn\;D:\SQLServer\Client SDK\ODBC\130\Tools\Binn\;D:\SQLSeverX86\Client SDK\ODBC\130\Tools\Binn\;D:\SQLSeverX86\140\Tools\Binn\ManagementStudio\;C:\WINDOWS\system32;C:\WINDOWS;C:\WINDOWS\System32\Wbem;C:\WINDOWS\System32\WindowsPowerShell\v1.0\;C:\WINDOWS\System32\OpenSSH\;C:\Program Files\Intel\WiFi\bin\;C:\Program Files\Common Files\Intel\WirelessCommon\;C:\Program Files\dotnet\;D:\SQLSever\130\Tools\Binn\;C:\Program Files (x86)\NVIDIA Corporation\PhysX\Common;D:\TSBrowserDownloads\httpd-2.4.39-o102r-x64-vc14\Apache24\bin;D:\PyCharm Community Edition 2018.3.5\;D:\java\apache-tomcat-8.0.43-windows-x64\apache-tomcat-8.0.43\bin;D:\Python37\Scripts;D:\Python37;C:\Program Files\MySQL\MySQL Server 5.7\bin;D:\mongodb\bin;D:\Redis\;C:\WINDOWS\system32;C:\WINDOWS;C:\WINDOWS\System32\Wbem;C:\WINDOWS\System32\WindowsPowerShell\v1.0\;C:\WINDOWS\System32\OpenSSH\;C:\ProgramData\chocolatey\bin;D:\Git\cmd;D:\Git\mingw64\libexec\git-core;D:\Git\bin;D:\Maven\apache-maven-3.6.3\bin;D:\opencv\opencv\build\bin;D:\ImiSDK-Lite\3rdparty\lib\Win32\;D:\ImiSDK-Lite\Redist\Win32\;D:\node.js\;C:\Users\树欲静\AppData\Local\Microsoft\WindowsApps;C:\Program Files\Intel\WiFi\bin\;C:\Program Files\Common Files\Intel\WirelessCommon\;;D:\PyCharm Community Edition 2018.3.5\bin;;D:\IntelliJ IDEA 2019.2.4\bin;;D:\WebStorm 2019.3\bin;;D:\DataGrip 2019.2\bin;;D:\CLion 2019.1\bin;;D:\PhpStorm 2019.1\bin;;C:\Users\树欲静\AppData\Roaming\npm;."/>
    <property name="java.vm.info" value="mixed mode"/>
    <property name="java.vendor" value="Oracle Corporation"/>
    <property name="java.vm.version" value="25.201-b09"/>
    <property name="java.ext.dirs" value="D:\java\jdk\jre\lib\ext;C:\WINDOWS\Sun\Java\lib\ext"/>
    <property name="sun.io.unicode.encoding" value="UnicodeLittle"/>
    <property name="java.class.version" value="52.0"/>
  </properties>
  <testcase name="searchFaceTest" classname="com.light.utils.UtilsTest" time="1.437"/>
  <testcase name="addFaceTest" classname="com.light.utils.UtilsTest" time="0.69"/>
  <testcase name="matchFace" classname="com.light.utils.UtilsTest" time="5.66"/>
</testsuite>